[debug] [2025-12-31T23:56:14.981Z] ----------------------------------------------------------------------
[debug] [2025-12-31T23:56:14.989Z] Command:       C:\Program Files\nodejs\node.exe C:\Users\USER\AppData\Roaming\npm\node_modules\firebase-tools\lib\bin\firebase.js projects:list
[debug] [2025-12-31T23:56:14.990Z] CLI Version:   15.0.0
[debug] [2025-12-31T23:56:14.990Z] Platform:      win32
[debug] [2025-12-31T23:56:14.991Z] Node Version:  v22.14.0
[debug] [2025-12-31T23:56:14.992Z] Time:          Thu Jan 01 2026 02:56:14 GMT+0300 (East Africa Time)
[debug] [2025-12-31T23:56:14.992Z] ----------------------------------------------------------------------
[debug] 
[debug] [2025-12-31T23:56:15.017Z] > command requires scopes: ["email","openid","https://www.googleapis.com/auth/cloudplatformprojects.readonly","https://www.googleapis.com/auth/firebase","https://www.googleapis.com/auth/cloud-platform"]
[debug] [2025-12-31T23:56:15.019Z] > authorizing via signed-in user (dixontheworldvsy@gmail.com)
[debug] [2025-12-31T23:56:15.034Z] Checked if tokens are valid: false, expires at: 1715358103395
[debug] [2025-12-31T23:56:15.034Z] Checked if tokens are valid: false, expires at: 1715358103395
[debug] [2025-12-31T23:56:15.035Z] > refreshing access token with scopes: []
[debug] [2025-12-31T23:56:15.044Z] >>> [apiv2][query] POST https://www.googleapis.com/oauth2/v3/token [none]
[debug] [2025-12-31T23:56:15.044Z] >>> [apiv2][body] POST https://www.googleapis.com/oauth2/v3/token [omitted]
[debug] [2025-12-31T23:56:16.565Z] <<< [apiv2][status] POST https://www.googleapis.com/oauth2/v3/token 400
[debug] [2025-12-31T23:56:16.566Z] <<< [apiv2][body] POST https://www.googleapis.com/oauth2/v3/token [omitted]
[debug] [2025-12-31T23:56:16.567Z] >>> [apiv2][query] GET https://firebase.googleapis.com/v1beta1/projects pageSize=1000
[debug] [2025-12-31T23:56:17.022Z] <<< [apiv2][status] GET https://firebase.googleapis.com/v1beta1/projects 401
[debug] [2025-12-31T23:56:17.022Z] <<< [apiv2][body] GET https://firebase.googleapis.com/v1beta1/projects [omitted]
[debug] [2025-12-31T23:56:17.022Z] Got a 401 Unauthenticated error for a call that required authentication. Refreshing tokens.
[debug] [2025-12-31T23:56:17.023Z] Checked if tokens are valid: false, expires at: 1715358103395
[debug] [2025-12-31T23:56:17.023Z] Checked if tokens are valid: false, expires at: 1715358103395
[debug] [2025-12-31T23:56:17.023Z] > refreshing access token with scopes: []
[debug] [2025-12-31T23:56:17.024Z] >>> [apiv2][query] POST https://www.googleapis.com/oauth2/v3/token [none]
[debug] [2025-12-31T23:56:17.024Z] >>> [apiv2][body] POST https://www.googleapis.com/oauth2/v3/token [omitted]
[debug] [2025-12-31T23:56:17.258Z] <<< [apiv2][status] POST https://www.googleapis.com/oauth2/v3/token 400
[debug] [2025-12-31T23:56:17.258Z] <<< [apiv2][body] POST https://www.googleapis.com/oauth2/v3/token [omitted]
[debug] [2025-12-31T23:56:17.261Z] Request to https://firebase.googleapis.com/v1beta1/projects?pageSize=1000 had HTTP Error: 401, Request had invalid authentication credentials. Expected OAuth 2 access token, login cookie or other valid authentication credential. See https://developers.google.com/identity/sign-in/web/devconsole-project.
[debug] [2025-12-31T23:56:20.782Z] FirebaseError: Request to https://firebase.googleapis.com/v1beta1/projects?pageSize=1000 had HTTP Error: 401, Request had invalid authentication credentials. Expected OAuth 2 access token, login cookie or other valid authentication credential. See https://developers.google.com/identity/sign-in/web/devconsole-project.
    at responseToError (C:\Users\USER\AppData\Roaming\npm\node_modules\firebase-tools\lib\responseToError.js:53:12)
    at RetryOperation._fn (C:\Users\USER\AppData\Roaming\npm\node_modules\firebase-tools\lib\apiv2.js:322:77)
    at process.processTicksAndRejections (node:internal/process/task_queues:105:5)
[error] 
[error] Error: Failed to list Firebase projects. See firebase-debug.log for more info.
